TOKEN 123 : {
TOKEN 259 : int
TOKEN 279 : i
TOKEN  59 : ;
TOKEN 259 : int
TOKEN 279 : j
TOKEN  59 : ;
TOKEN 259 : int
TOKEN 279 : k
TOKEN  59 : ;
TOKEN 260 : bool
TOKEN 279 : a
TOKEN  59 : ;
TOKEN 274 : vec3
TOKEN 279 : myvec
TOKEN  59 : ;
TOKEN 274 : vec2
TOKEN 279 : myVec
TOKEN  61 : =
TOKEN 274 : vec2
TOKEN  40 : (
TOKEN 277 : 1.0
TOKEN  44 : ,
TOKEN 277 : 5.0
TOKEN  41 : )
TOKEN  59 : ;
TOKEN 274 : vec2
TOKEN 279 : myVec
TOKEN  61 : =
TOKEN 274 : vec2
TOKEN  40 : (
TOKEN 278 : 1
TOKEN  44 : ,
TOKEN 278 : 5
TOKEN  41 : )
TOKEN  59 : ;
TOKEN 275 : bvec3
TOKEN 279 : myBVec
TOKEN  61 : =
TOKEN 275 : bvec3
TOKEN  40 : (
TOKEN 263 : true
TOKEN  44 : ,
TOKEN 262 : false
TOKEN  44 : ,
TOKEN 263 : true
TOKEN  44 : ,
TOKEN 263 : true
TOKEN  41 : )
TOKEN  59 : ;
TOKEN 276 : ivec4
TOKEN 279 : myVec
TOKEN  61 : =
TOKEN 276 : ivec4
TOKEN  40 : (
TOKEN 278 : 0
TOKEN  44 : ,
TOKEN 278 : 1
TOKEN  44 : ,
TOKEN 278 : 2
TOKEN  44 : ,
TOKEN 278 : 3
TOKEN  41 : )
TOKEN  59 : ;
TOKEN 259 : int
TOKEN 279 : num
TOKEN  61 : =
TOKEN 279 : myVec
TOKEN  91 : [
TOKEN 278 : 2
TOKEN  93 : ]
TOKEN  59 : ;
TOKEN 259 : int
TOKEN 279 : test_con
TOKEN  61 : =
TOKEN 259 : int
TOKEN  40 : (
TOKEN 278 : 1
TOKEN  44 : ,
TOKEN 278 : 2
TOKEN  44 : ,
TOKEN 278 : 3
TOKEN  41 : )
TOKEN  59 : ;
TOKEN 259 : int
TOKEN 279 : num
TOKEN  61 : =
TOKEN 277 : 5.0
TOKEN  59 : ;
TOKEN 261 : const
TOKEN 259 : int
TOKEN 279 : num
TOKEN  61 : =
TOKEN 278 : 5
TOKEN  42 : *
TOKEN  40 : (
TOKEN 278 : 3
TOKEN  43 : +
TOKEN 278 : 2
TOKEN  41 : )
TOKEN  59 : ;
TOKEN 279 : tempVec
TOKEN  61 : =
TOKEN 279 : myVec1
TOKEN  42 : *
TOKEN 279 : Vec2
TOKEN  59 : ;
TOKEN 279 : i
TOKEN  61 : =
TOKEN 278 : 5
TOKEN  59 : ;
TOKEN 279 : j
TOKEN  61 : =
TOKEN 278 : 2
TOKEN  43 : +
TOKEN  40 : (
TOKEN 278 : 2
TOKEN  42 : *
TOKEN 278 : 4
TOKEN  47 : /
TOKEN 278 : 2
TOKEN  41 : )
TOKEN  42 : *
TOKEN 279 : k
TOKEN  42 : *
TOKEN  33 : !
TOKEN 279 : i
TOKEN  45 : -
TOKEN 278 : 3
TOKEN  45 : -
TOKEN 278 : 4
TOKEN  45 : -
TOKEN 278 : 5
TOKEN  42 : *
TOKEN  40 : (
TOKEN 278 : 2
TOKEN  41 : )
TOKEN  59 : ;
TOKEN 265 : if
TOKEN  40 : (
TOKEN 279 : i
TOKEN 271 : ==
TOKEN 278 : 5
TOKEN  41 : )
TOKEN 123 : {
TOKEN 279 : j
TOKEN  61 : =
TOKEN 278 : 6
TOKEN  43 : +
TOKEN 278 : 5
TOKEN  59 : ;
TOKEN 265 : if
TOKEN  40 : (
TOKEN 279 : j
TOKEN 271 : ==
TOKEN 278 : 6
TOKEN  41 : )
TOKEN 279 : k
TOKEN  61 : =
TOKEN 278 : 7
TOKEN  59 : ;
TOKEN 267 : else
TOKEN 279 : k
TOKEN  61 : =
TOKEN 278 : 9
TOKEN  59 : ;
TOKEN 125 : }
TOKEN 267 : else
TOKEN 279 : k
TOKEN  61 : =
TOKEN 278 : 10
TOKEN  59 : ;
TOKEN 265 : if
TOKEN  40 : (
TOKEN 263 : true
TOKEN  41 : )
TOKEN 123 : {
TOKEN 265 : if
TOKEN  40 : (
TOKEN 262 : false
TOKEN  41 : )
TOKEN 123 : {
TOKEN 265 : if
TOKEN  40 : (
TOKEN 262 : false
TOKEN  41 : )
TOKEN 123 : {
TOKEN 279 : a
TOKEN  61 : =
TOKEN 279 : b
TOKEN  59 : ;
TOKEN 125 : }
TOKEN 267 : else
TOKEN 123 : {
TOKEN 279 : a
TOKEN  61 : =
TOKEN 278 : 1
TOKEN  59 : ;
TOKEN 125 : }
TOKEN 125 : }
TOKEN 267 : else
TOKEN 123 : {
TOKEN 125 : }
TOKEN 125 : }
TOKEN 266 : while
TOKEN  40 : (
TOKEN 264 : rsq
TOKEN  40 : (
TOKEN 278 : 1
TOKEN  44 : ,
TOKEN 278 : 2
TOKEN  44 : ,
TOKEN 278 : 3
TOKEN  44 : ,
TOKEN 279 : t1
TOKEN  44 : ,
TOKEN 279 : t3
TOKEN  41 : )
TOKEN  41 : )
TOKEN 123 : {
TOKEN 265 : if
TOKEN  40 : (
TOKEN 279 : t
TOKEN 271 : ==
TOKEN 278 : 2
TOKEN  41 : )
TOKEN 123 : {
TOKEN 125 : }
TOKEN 267 : else
TOKEN 123 : {
TOKEN 265 : if
TOKEN  40 : (
TOKEN 262 : false
TOKEN  41 : )
TOKEN 123 : {
TOKEN 125 : }
TOKEN 125 : }
TOKEN 125 : }
TOKEN 125 : }
